<?xml version="1.0" encoding="UTF-8"?>
<!-- Generated by org.testng.reporters.JUnitReportReporter -->
<testsuite hostname="ATH57013" failures="0" tests="4" name="com.qa.test.DemoTestt" time="0.013" errors="0" timestamp="6 Sep 2021 08:53:12 GMT">
  <testcase classname="com.qa.test.DemoTestt" name="screenMax" time="0.000"/>
  <testcase classname="com.qa.test.DemoTestt" name="browserlaunch" time="0.010"/>
  <testcase classname="com.qa.test.DemoTestt" name="getUrl" time="0.001"/>
  <testcase classname="com.qa.test.DemoTestt" name="closAll" time="0.002"/>
</testsuite> <!-- com.qa.test.DemoTestt -->
